<?xml version="1.0" encoding="UTF-8"?>
<testsuite xmlns:xsi="http://www.w3.org/2001/XMLSchema-instance" xsi:noNamespaceSchemaLocation="https://maven.apache.org/surefire/maven-surefire-plugin/xsd/surefire-test-report-3.0.xsd" version="3.0" name="TestRunner.UberTest" time="0.292" tests="3" errors="0" skipped="0" failures="0">
  <properties>
    <property name="java.specification.version" value="18"/>
    <property name="sun.cpu.isalist" value="amd64"/>
    <property name="sun.jnu.encoding" value="Cp1252"/>
    <property name="java.class.path" value="D:\Workspace\Cucumber_BDD\target\test-classes;D:\Workspace\Cucumber_BDD\target\classes;C:\Users\User\.m2\repository\io\cucumber\cucumber-java\7.9.0\cucumber-java-7.9.0.jar;C:\Users\User\.m2\repository\io\cucumber\cucumber-core\7.9.0\cucumber-core-7.9.0.jar;C:\Users\User\.m2\repository\io\cucumber\cucumber-gherkin\7.9.0\cucumber-gherkin-7.9.0.jar;C:\Users\User\.m2\repository\io\cucumber\cucumber-gherkin-messages\7.9.0\cucumber-gherkin-messages-7.9.0.jar;C:\Users\User\.m2\repository\io\cucumber\gherkin\24.1.0\gherkin-24.1.0.jar;C:\Users\User\.m2\repository\io\cucumber\messages\19.1.4\messages-19.1.4.jar;C:\Users\User\.m2\repository\io\cucumber\tag-expressions\4.1.0\tag-expressions-4.1.0.jar;C:\Users\User\.m2\repository\io\cucumber\cucumber-expressions\16.0.0\cucumber-expressions-16.0.0.jar;C:\Users\User\.m2\repository\io\cucumber\datatable\7.9.0\datatable-7.9.0.jar;C:\Users\User\.m2\repository\io\cucumber\cucumber-plugin\7.9.0\cucumber-plugin-7.9.0.jar;C:\Users\User\.m2\repository\io\cucumber\docstring\7.9.0\docstring-7.9.0.jar;C:\Users\User\.m2\repository\io\cucumber\html-formatter\20.1.0\html-formatter-20.1.0.jar;C:\Users\User\.m2\repository\io\cucumber\ci-environment\9.1.0\ci-environment-9.1.0.jar;C:\Users\User\.m2\repository\org\apiguardian\apiguardian-api\1.1.2\apiguardian-api-1.1.2.jar;C:\Users\User\.m2\repository\io\cucumber\cucumber-junit\7.9.0\cucumber-junit-7.9.0.jar;C:\Users\User\.m2\repository\junit\junit\4.11\junit-4.11.jar;C:\Users\User\.m2\repository\org\hamcrest\hamcrest-core\1.3\hamcrest-core-1.3.jar;"/>
    <property name="java.vm.vendor" value="Oracle Corporation"/>
    <property name="sun.arch.data.model" value="64"/>
    <property name="user.variant" value=""/>
    <property name="java.vendor.url" value="https://java.oracle.com/"/>
    <property name="user.timezone" value="Asia/Colombo"/>
    <property name="os.name" value="Windows 11"/>
    <property name="java.vm.specification.version" value="18"/>
    <property name="sun.java.launcher" value="SUN_STANDARD"/>
    <property name="user.country" value="US"/>
    <property name="sun.boot.library.path" value="C:\Program Files\Java\jdk-18.0.2\bin"/>
    <property name="sun.java.command" value="C:\Users\User\AppData\Local\Temp\surefire8149388516750064012\surefirebooter-20221111163312637_3.jar C:\Users\User\AppData\Local\Temp\surefire8149388516750064012 2022-11-11T16-33-12_288-jvmRun1 surefire-20221111163312637_1tmp surefire_0-20221111163312637_2tmp"/>
    <property name="jdk.debug" value="release"/>
    <property name="surefire.test.class.path" value="D:\Workspace\Cucumber_BDD\target\test-classes;D:\Workspace\Cucumber_BDD\target\classes;C:\Users\User\.m2\repository\io\cucumber\cucumber-java\7.9.0\cucumber-java-7.9.0.jar;C:\Users\User\.m2\repository\io\cucumber\cucumber-core\7.9.0\cucumber-core-7.9.0.jar;C:\Users\User\.m2\repository\io\cucumber\cucumber-gherkin\7.9.0\cucumber-gherkin-7.9.0.jar;C:\Users\User\.m2\repository\io\cucumber\cucumber-gherkin-messages\7.9.0\cucumber-gherkin-messages-7.9.0.jar;C:\Users\User\.m2\repository\io\cucumber\gherkin\24.1.0\gherkin-24.1.0.jar;C:\Users\User\.m2\repository\io\cucumber\messages\19.1.4\messages-19.1.4.jar;C:\Users\User\.m2\repository\io\cucumber\tag-expressions\4.1.0\tag-expressions-4.1.0.jar;C:\Users\User\.m2\repository\io\cucumber\cucumber-expressions\16.0.0\cucumber-expressions-16.0.0.jar;C:\Users\User\.m2\repository\io\cucumber\datatable\7.9.0\datatable-7.9.0.jar;C:\Users\User\.m2\repository\io\cucumber\cucumber-plugin\7.9.0\cucumber-plugin-7.9.0.jar;C:\Users\User\.m2\repository\io\cucumber\docstring\7.9.0\docstring-7.9.0.jar;C:\Users\User\.m2\repository\io\cucumber\html-formatter\20.1.0\html-formatter-20.1.0.jar;C:\Users\User\.m2\repository\io\cucumber\ci-environment\9.1.0\ci-environment-9.1.0.jar;C:\Users\User\.m2\repository\org\apiguardian\apiguardian-api\1.1.2\apiguardian-api-1.1.2.jar;C:\Users\User\.m2\repository\io\cucumber\cucumber-junit\7.9.0\cucumber-junit-7.9.0.jar;C:\Users\User\.m2\repository\junit\junit\4.11\junit-4.11.jar;C:\Users\User\.m2\repository\org\hamcrest\hamcrest-core\1.3\hamcrest-core-1.3.jar;"/>
    <property name="sun.cpu.endian" value="little"/>
    <property name="user.home" value="C:\Users\User"/>
    <property name="user.language" value="en"/>
    <property name="java.specification.vendor" value="Oracle Corporation"/>
    <property name="java.version.date" value="2022-07-19"/>
    <property name="java.home" value="C:\Program Files\Java\jdk-18.0.2"/>
    <property name="file.separator" value="\"/>
    <property name="basedir" value="D:\Workspace\Cucumber_BDD"/>
    <property name="style.color" value="always"/>
    <property name="java.vm.compressedOopsMode" value="32-bit"/>
    <property name="line.separator" value="&#10;"/>
    <property name="java.vm.specification.vendor" value="Oracle Corporation"/>
    <property name="java.specification.name" value="Java Platform API Specification"/>
    <property name="surefire.real.class.path" value="C:\Users\User\AppData\Local\Temp\surefire8149388516750064012\surefirebooter-20221111163312637_3.jar"/>
    <property name="user.script" value=""/>
    <property name="sun.management.compiler" value="HotSpot 64-Bit Tiered Compilers"/>
    <property name="java.runtime.version" value="18.0.2+9-61"/>
    <property name="user.name" value="User"/>
    <property name="path.separator" value=";"/>
    <property name="os.version" value="10.0"/>
    <property name="java.runtime.name" value="Java(TM) SE Runtime Environment"/>
    <property name="file.encoding" value="UTF-8"/>
    <property name="java.vm.name" value="Java HotSpot(TM) 64-Bit Server VM"/>
    <property name="localRepository" value="C:\Users\User\.m2\repository"/>
    <property name="java.vendor.url.bug" value="https://bugreport.java.com/bugreport/"/>
    <property name="java.io.tmpdir" value="C:\Users\User\AppData\Local\Temp\"/>
    <property name="java.version" value="18.0.2"/>
    <property name="user.dir" value="D:\Workspace\Cucumber_BDD"/>
    <property name="os.arch" value="amd64"/>
    <property name="java.vm.specification.name" value="Java Virtual Machine Specification"/>
    <property name="sun.os.patch.level" value=""/>
    <property name="native.encoding" value="Cp1252"/>
    <property name="java.library.path" value="C:\Program Files\Java\jdk-18.0.2\bin;C:\WINDOWS\Sun\Java\bin;C:\WINDOWS\system32;C:\WINDOWS;C:\Program Files\Common Files\Oracle\Java\javapath;C:\Windows\system32;C:\Windows;C:\Windows\System32\Wbem;C:\Windows\System32\WindowsPowerShell\v1.0\;C:\Windows\System32\OpenSSH\;C:\Program Files\NVIDIA Corporation\NVIDIA NvDLISR;C:\Program Files\Java\jdk-15.0.2\bin;C:\flutter\bin;C:\Program Files\MiKTeX 2.9\miktex\bin\x64\;C:\xampp\php;C:\ProgramData\ComposerSetup\bin;C:\Program Files\Java\jdk\bin;C:\Program Files\Java\jre1.8.0_291\bin;C:\Program Files\Git\cmd;C:\Program Files\dotnet\;C:\Program Files\nodejs\;C:\WINDOWS\system32;C:\WINDOWS;C:\WINDOWS\System32\Wbem;C:\WINDOWS\System32\WindowsPowerShell\v1.0\;C:\WINDOWS\System32\OpenSSH\;C:\apache-maven-3.8.6-bin\apache-maven-3.8.6\bin;C:\Program Files\Java\jdk-18.0.2\bin;C:\Program Files\MySQL\MySQL Shell 8.0\bin\;C:\Users\User\AppData\Local\Microsoft\WindowsApps;C:\Users\User\AppData\Local\Programs\Microsoft VS Code\bin;C:\xampp\php;C:\Users\User\AppData\Roaming\Composer\vendor\bin;C:\flutter\bin;C:\Program Files\MongoDB\Server\5.0\bin;C:\Users\User\AppData\Local\GitHubDesktop\bin;C:\Program Files\JetBrains\PyCharm Community Edition 2021.2\bin;;C:\Program Files\Java\jdk1.8.0_291\bin;C:\Users\User\.dotnet\tools;C:\Users\User\AppData\Roaming\npm;D:\selenium\Junit;C:\apache-maven-3.8.6-bin\apache-maven-3.8.6\bin;C:\Program Files\Java\jdk-18.0.2\bin;;."/>
    <property name="java.vm.info" value="mixed mode, sharing"/>
    <property name="java.vendor" value="Oracle Corporation"/>
    <property name="java.vm.version" value="18.0.2+9-61"/>
    <property name="sun.io.unicode.encoding" value="UnicodeLittle"/>
    <property name="java.class.version" value="62.0"/>
  </properties>
  <testcase name="Booking Cab sedan" classname="Uber Booking feature" time="0.03">
    <system-out><![CDATA[
@All @Smoke
Scenario: Booking Cab sedan                                                            &amp#27;[90m# src/test/resources/AppFeatures/Uber.feature:5&amp#27;[0m
launch url
launch amazon application
Booking Cab sedan
step 1: sedan
  &amp#27;[32mGiven &amp#27;[0m&amp#27;[32mUser wants to select a car type &amp#27;[0m&amp#27;[32m&amp#27;[1m"sedan"&amp#27;[0m&amp#27;[32m from uber app&amp#27;[0m                          &amp#27;[90m# StepDefinitions.UberBookingSteps.user_wants_to_select_a_car_type_from_uber_app(java.lang.String)&amp#27;[0m
step 2 :  sedanJaffnaManipay
  &amp#27;[32mWhen &amp#27;[0m&amp#27;[32mUser selects car &amp#27;[0m&amp#27;[32m&amp#27;[1m"sedan"&amp#27;[0m&amp#27;[32m and pick up point &amp#27;[0m&amp#27;[32m&amp#27;[1m"Jaffna"&amp#27;[0m&amp#27;[32m and drop location &amp#27;[0m&amp#27;[32m&amp#27;[1m"Manipay"&amp#27;[0m &amp#27;[90m# StepDefinitions.UberBookingSteps.user_selects_car_and_pick_up_point_and_drop_location(java.lang.String,java.lang.String,java.lang.String)&amp#27;[0m
step 3
  &amp#27;[32mThen &amp#27;[0m&amp#27;[32mDriver starts the Journery&amp#27;[0m                                                      &amp#27;[90m# StepDefinitions.UberBookingSteps.driver_starts_the_journery()&amp#27;[0m
step 4 
  &amp#27;[32mAnd &amp#27;[0m&amp#27;[32mDriver ends the journey&amp#27;[0m                                                          &amp#27;[90m# StepDefinitions.UberBookingSteps.driver_ends_the_journey()&amp#27;[0m
step 5 :100
  &amp#27;[32mThen &amp#27;[0m&amp#27;[32muser pays &amp#27;[0m&amp#27;[32m&amp#27;[1m100&amp#27;[0m&amp#27;[32m USD&amp#27;[0m                                                               &amp#27;[90m# StepDefinitions.UberBookingSteps.user_pays_usd(java.lang.Integer)&amp#27;[0m
logout from the application
Booking Cab sedan
close the browserclose the bowser
]]></system-out>
  </testcase>
  <testcase name="Booking Cab BMW" classname="Uber Booking feature" time="0.009">
    <system-out><![CDATA[
@All @Regression
Scenario: Booking Cab BMW                                                            &amp#27;[90m# src/test/resources/AppFeatures/Uber.feature:13&amp#27;[0m
launch url
step 1: BMW
  &amp#27;[32mGiven &amp#27;[0m&amp#27;[32mUser wants to select a car type &amp#27;[0m&amp#27;[32m&amp#27;[1m"BMW"&amp#27;[0m&amp#27;[32m from uber app&amp#27;[0m                          &amp#27;[90m# StepDefinitions.UberBookingSteps.user_wants_to_select_a_car_type_from_uber_app(java.lang.String)&amp#27;[0m
step 2 :  BMWInuvilManipay
  &amp#27;[32mWhen &amp#27;[0m&amp#27;[32mUser selects car &amp#27;[0m&amp#27;[32m&amp#27;[1m"BMW"&amp#27;[0m&amp#27;[32m and pick up point &amp#27;[0m&amp#27;[32m&amp#27;[1m"Inuvil"&amp#27;[0m&amp#27;[32m and drop location &amp#27;[0m&amp#27;[32m&amp#27;[1m"Manipay"&amp#27;[0m &amp#27;[90m# StepDefinitions.UberBookingSteps.user_selects_car_and_pick_up_point_and_drop_location(java.lang.String,java.lang.String,java.lang.String)&amp#27;[0m
step 3
  &amp#27;[32mThen &amp#27;[0m&amp#27;[32mDriver starts the Journery&amp#27;[0m                                                    &amp#27;[90m# StepDefinitions.UberBookingSteps.driver_starts_the_journery()&amp#27;[0m
step 4 
  &amp#27;[32mAnd &amp#27;[0m&amp#27;[32mDriver ends the journey&amp#27;[0m                                                        &amp#27;[90m# StepDefinitions.UberBookingSteps.driver_ends_the_journey()&amp#27;[0m
step 5 :150
  &amp#27;[32mThen &amp#27;[0m&amp#27;[32muser pays &amp#27;[0m&amp#27;[32m&amp#27;[1m150&amp#27;[0m&amp#27;[32m USD&amp#27;[0m                                                             &amp#27;[90m# StepDefinitions.UberBookingSteps.user_pays_usd(java.lang.Integer)&amp#27;[0m
close the browserclose the bowser
]]></system-out>
  </testcase>
  <testcase name="Booking Cab Hybrid" classname="Uber Booking feature" time="0.009">
    <system-out><![CDATA[
@All @Prod
Scenario: Booking Cab Hybrid                                                            &amp#27;[90m# src/test/resources/AppFeatures/Uber.feature:21&amp#27;[0m
launch url
step 1: Hybrid
  &amp#27;[32mGiven &amp#27;[0m&amp#27;[32mUser wants to select a car type &amp#27;[0m&amp#27;[32m&amp#27;[1m"Hybrid"&amp#27;[0m&amp#27;[32m from uber app&amp#27;[0m                          &amp#27;[90m# StepDefinitions.UberBookingSteps.user_wants_to_select_a_car_type_from_uber_app(java.lang.String)&amp#27;[0m
step 2 :  HybriduduvilManipay
  &amp#27;[32mWhen &amp#27;[0m&amp#27;[32mUser selects car &amp#27;[0m&amp#27;[32m&amp#27;[1m"Hybrid"&amp#27;[0m&amp#27;[32m and pick up point &amp#27;[0m&amp#27;[32m&amp#27;[1m"uduvil"&amp#27;[0m&amp#27;[32m and drop location &amp#27;[0m&amp#27;[32m&amp#27;[1m"Manipay"&amp#27;[0m &amp#27;[90m# StepDefinitions.UberBookingSteps.user_selects_car_and_pick_up_point_and_drop_location(java.lang.String,java.lang.String,java.lang.String)&amp#27;[0m
step 3
  &amp#27;[32mThen &amp#27;[0m&amp#27;[32mDriver starts the Journery&amp#27;[0m                                                       &amp#27;[90m# StepDefinitions.UberBookingSteps.driver_starts_the_journery()&amp#27;[0m
step 4 
  &amp#27;[32mAnd &amp#27;[0m&amp#27;[32mDriver ends the journey&amp#27;[0m                                                           &amp#27;[90m# StepDefinitions.UberBookingSteps.driver_ends_the_journey()&amp#27;[0m
step 5 :150
  &amp#27;[32mThen &amp#27;[0m&amp#27;[32muser pays &amp#27;[0m&amp#27;[32m&amp#27;[1m150&amp#27;[0m&amp#27;[32m USD&amp#27;[0m                                                                &amp#27;[90m# StepDefinitions.UberBookingSteps.user_pays_usd(java.lang.Integer)&amp#27;[0m
close the browserclose the bowser
]]></system-out>
  </testcase>
</testsuite>